
C:\Users\razni\AppData\Local\Temp\arduino_build_458584/12LEDWachATtiny13.ino.elf:     file format elf32-avr


Disassembly of section .text:

00000000 <__vectors>:
__vectors():
C:\Users\razni\AppData\Local\Arduino15\packages\MicroCore\hardware\avr\2.3.0\cores\microcore/pcrt.S:20
  .endm

  .section .vectors
  .global __vectors
__vectors:
  rjmp __init
   0:	0b c0       	rjmp	.+22     	; 0x18 <__ctors_end>
C:\Users\razni\AppData\Local\Arduino15\packages\MicroCore\hardware\avr\2.3.0\cores\microcore/pcrt.S:21
  vector __vector_1
   2:	08 c0       	rjmp	.+16     	; 0x14 <__empty_interrupt>
C:\Users\razni\AppData\Local\Arduino15\packages\MicroCore\hardware\avr\2.3.0\cores\microcore/pcrt.S:22
  vector __vector_2
   4:	07 c0       	rjmp	.+14     	; 0x14 <__empty_interrupt>
C:\Users\razni\AppData\Local\Arduino15\packages\MicroCore\hardware\avr\2.3.0\cores\microcore/pcrt.S:23
  vector __vector_3
   6:	06 c0       	rjmp	.+12     	; 0x14 <__empty_interrupt>
C:\Users\razni\AppData\Local\Arduino15\packages\MicroCore\hardware\avr\2.3.0\cores\microcore/pcrt.S:24
  vector __vector_4
   8:	05 c0       	rjmp	.+10     	; 0x14 <__empty_interrupt>
C:\Users\razni\AppData\Local\Arduino15\packages\MicroCore\hardware\avr\2.3.0\cores\microcore/pcrt.S:25
  vector __vector_5
   a:	04 c0       	rjmp	.+8      	; 0x14 <__empty_interrupt>
C:\Users\razni\AppData\Local\Arduino15\packages\MicroCore\hardware\avr\2.3.0\cores\microcore/pcrt.S:26
  vector __vector_6
   c:	03 c0       	rjmp	.+6      	; 0x14 <__empty_interrupt>
C:\Users\razni\AppData\Local\Arduino15\packages\MicroCore\hardware\avr\2.3.0\cores\microcore/pcrt.S:27
  vector __vector_7
   e:	02 c0       	rjmp	.+4      	; 0x14 <__empty_interrupt>
C:\Users\razni\AppData\Local\Arduino15\packages\MicroCore\hardware\avr\2.3.0\cores\microcore/pcrt.S:28
  vector __vector_8
  10:	3a c0       	rjmp	.+116    	; 0x86 <__vector_8>
C:\Users\razni\AppData\Local\Arduino15\packages\MicroCore\hardware\avr\2.3.0\cores\microcore/pcrt.S:29
  vector __vector_9
  12:	00 c0       	rjmp	.+0      	; 0x14 <__empty_interrupt>

00000014 <__empty_interrupt>:
__vector_1():
C:\Users\razni\AppData\Local\Arduino15\packages\MicroCore\hardware\avr\2.3.0\cores\microcore/pcrt.S:44
  vector __vector_19

  ;.text
  .global __empty_interrupt
__empty_interrupt:
  reti
  14:	18 95       	reti

00000016 <__ctors_start>:
__trampolines_start():
  16:	3d 01       	movw	r6, r26

00000018 <__ctors_end>:
__init():
C:\Users\razni\AppData\Local\Arduino15\packages\MicroCore\hardware\avr\2.3.0\cores\microcore/pcrt.S:50

    .section .init0
__init:

    .section .init2
    clr r1
  18:	11 24       	eor	r1, r1

0000001a <__do_copy_data>:
__do_copy_data():
/home/jenkins-mingw32/workspace/avr-gcc-staging/label/Ubuntu14.04x64-mingw32/gcc-build/avr/avr25/tiny-stack/libgcc/../../../../../gcc/libgcc/config/avr/lib1funcs.S:2409
  1a:	10 e0       	ldi	r17, 0x00	; 0
/home/jenkins-mingw32/workspace/avr-gcc-staging/label/Ubuntu14.04x64-mingw32/gcc-build/avr/avr25/tiny-stack/libgcc/../../../../../gcc/libgcc/config/avr/lib1funcs.S:2410
  1c:	a0 e6       	ldi	r26, 0x60	; 96
/home/jenkins-mingw32/workspace/avr-gcc-staging/label/Ubuntu14.04x64-mingw32/gcc-build/avr/avr25/tiny-stack/libgcc/../../../../../gcc/libgcc/config/avr/lib1funcs.S:2411
  1e:	b0 e0       	ldi	r27, 0x00	; 0
/home/jenkins-mingw32/workspace/avr-gcc-staging/label/Ubuntu14.04x64-mingw32/gcc-build/avr/avr25/tiny-stack/libgcc/../../../../../gcc/libgcc/config/avr/lib1funcs.S:2412
  20:	e2 e5       	ldi	r30, 0x52	; 82
/home/jenkins-mingw32/workspace/avr-gcc-staging/label/Ubuntu14.04x64-mingw32/gcc-build/avr/avr25/tiny-stack/libgcc/../../../../../gcc/libgcc/config/avr/lib1funcs.S:2413
  22:	f3 e0       	ldi	r31, 0x03	; 3
/home/jenkins-mingw32/workspace/avr-gcc-staging/label/Ubuntu14.04x64-mingw32/gcc-build/avr/avr25/tiny-stack/libgcc/../../../../../gcc/libgcc/config/avr/lib1funcs.S:2414
  24:	02 c0       	rjmp	.+4      	; 0x2a <__do_copy_data+0x10>
/home/jenkins-mingw32/workspace/avr-gcc-staging/label/Ubuntu14.04x64-mingw32/gcc-build/avr/avr25/tiny-stack/libgcc/../../../../../gcc/libgcc/config/avr/lib1funcs.S:2417
  26:	05 90       	lpm	r0, Z+
/home/jenkins-mingw32/workspace/avr-gcc-staging/label/Ubuntu14.04x64-mingw32/gcc-build/avr/avr25/tiny-stack/libgcc/../../../../../gcc/libgcc/config/avr/lib1funcs.S:2422
  28:	0d 92       	st	X+, r0
/home/jenkins-mingw32/workspace/avr-gcc-staging/label/Ubuntu14.04x64-mingw32/gcc-build/avr/avr25/tiny-stack/libgcc/../../../../../gcc/libgcc/config/avr/lib1funcs.S:2424
  2a:	a2 36       	cpi	r26, 0x62	; 98
/home/jenkins-mingw32/workspace/avr-gcc-staging/label/Ubuntu14.04x64-mingw32/gcc-build/avr/avr25/tiny-stack/libgcc/../../../../../gcc/libgcc/config/avr/lib1funcs.S:2425
  2c:	b1 07       	cpc	r27, r17
/home/jenkins-mingw32/workspace/avr-gcc-staging/label/Ubuntu14.04x64-mingw32/gcc-build/avr/avr25/tiny-stack/libgcc/../../../../../gcc/libgcc/config/avr/lib1funcs.S:2426
  2e:	d9 f7       	brne	.-10     	; 0x26 <__do_copy_data+0xc>

00000030 <__do_clear_bss>:
__do_clear_bss():
/home/jenkins-mingw32/workspace/avr-gcc-staging/label/Ubuntu14.04x64-mingw32/gcc-build/avr/avr25/tiny-stack/libgcc/../../../../../gcc/libgcc/config/avr/lib1funcs.S:2441
  30:	20 e0       	ldi	r18, 0x00	; 0
/home/jenkins-mingw32/workspace/avr-gcc-staging/label/Ubuntu14.04x64-mingw32/gcc-build/avr/avr25/tiny-stack/libgcc/../../../../../gcc/libgcc/config/avr/lib1funcs.S:2442
  32:	a2 e6       	ldi	r26, 0x62	; 98
/home/jenkins-mingw32/workspace/avr-gcc-staging/label/Ubuntu14.04x64-mingw32/gcc-build/avr/avr25/tiny-stack/libgcc/../../../../../gcc/libgcc/config/avr/lib1funcs.S:2443
  34:	b0 e0       	ldi	r27, 0x00	; 0
/home/jenkins-mingw32/workspace/avr-gcc-staging/label/Ubuntu14.04x64-mingw32/gcc-build/avr/avr25/tiny-stack/libgcc/../../../../../gcc/libgcc/config/avr/lib1funcs.S:2444
  36:	01 c0       	rjmp	.+2      	; 0x3a <.do_clear_bss_start>

00000038 <.do_clear_bss_loop>:
/home/jenkins-mingw32/workspace/avr-gcc-staging/label/Ubuntu14.04x64-mingw32/gcc-build/avr/avr25/tiny-stack/libgcc/../../../../../gcc/libgcc/config/avr/lib1funcs.S:2446
  38:	1d 92       	st	X+, r1

0000003a <.do_clear_bss_start>:
/home/jenkins-mingw32/workspace/avr-gcc-staging/label/Ubuntu14.04x64-mingw32/gcc-build/avr/avr25/tiny-stack/libgcc/../../../../../gcc/libgcc/config/avr/lib1funcs.S:2448
  3a:	a7 36       	cpi	r26, 0x67	; 103
/home/jenkins-mingw32/workspace/avr-gcc-staging/label/Ubuntu14.04x64-mingw32/gcc-build/avr/avr25/tiny-stack/libgcc/../../../../../gcc/libgcc/config/avr/lib1funcs.S:2449
  3c:	b2 07       	cpc	r27, r18
/home/jenkins-mingw32/workspace/avr-gcc-staging/label/Ubuntu14.04x64-mingw32/gcc-build/avr/avr25/tiny-stack/libgcc/../../../../../gcc/libgcc/config/avr/lib1funcs.S:2450
  3e:	e1 f7       	brne	.-8      	; 0x38 <.do_clear_bss_loop>

00000040 <__do_global_ctors>:
__do_global_ctors():
/home/jenkins-mingw32/workspace/avr-gcc-staging/label/Ubuntu14.04x64-mingw32/gcc-build/avr/avr25/tiny-stack/libgcc/../../../../../gcc/libgcc/config/avr/lib1funcs.S:2466
  40:	10 e0       	ldi	r17, 0x00	; 0
/home/jenkins-mingw32/workspace/avr-gcc-staging/label/Ubuntu14.04x64-mingw32/gcc-build/avr/avr25/tiny-stack/libgcc/../../../../../gcc/libgcc/config/avr/lib1funcs.S:2467
  42:	cc e0       	ldi	r28, 0x0C	; 12
/home/jenkins-mingw32/workspace/avr-gcc-staging/label/Ubuntu14.04x64-mingw32/gcc-build/avr/avr25/tiny-stack/libgcc/../../../../../gcc/libgcc/config/avr/lib1funcs.S:2468
  44:	d0 e0       	ldi	r29, 0x00	; 0
/home/jenkins-mingw32/workspace/avr-gcc-staging/label/Ubuntu14.04x64-mingw32/gcc-build/avr/avr25/tiny-stack/libgcc/../../../../../gcc/libgcc/config/avr/lib1funcs.S:2472
  46:	03 c0       	rjmp	.+6      	; 0x4e <__do_global_ctors+0xe>
/home/jenkins-mingw32/workspace/avr-gcc-staging/label/Ubuntu14.04x64-mingw32/gcc-build/avr/avr25/tiny-stack/libgcc/../../../../../gcc/libgcc/config/avr/lib1funcs.S:2474
  48:	21 97       	sbiw	r28, 0x01	; 1
/home/jenkins-mingw32/workspace/avr-gcc-staging/label/Ubuntu14.04x64-mingw32/gcc-build/avr/avr25/tiny-stack/libgcc/../../../../../gcc/libgcc/config/avr/lib1funcs.S:2480
  4a:	fe 01       	movw	r30, r28
/home/jenkins-mingw32/workspace/avr-gcc-staging/label/Ubuntu14.04x64-mingw32/gcc-build/avr/avr25/tiny-stack/libgcc/../../../../../gcc/libgcc/config/avr/lib1funcs.S:2481
  4c:	7c d1       	rcall	.+760    	; 0x346 <__tablejump2__>
/home/jenkins-mingw32/workspace/avr-gcc-staging/label/Ubuntu14.04x64-mingw32/gcc-build/avr/avr25/tiny-stack/libgcc/../../../../../gcc/libgcc/config/avr/lib1funcs.S:2483
  4e:	cb 30       	cpi	r28, 0x0B	; 11
/home/jenkins-mingw32/workspace/avr-gcc-staging/label/Ubuntu14.04x64-mingw32/gcc-build/avr/avr25/tiny-stack/libgcc/../../../../../gcc/libgcc/config/avr/lib1funcs.S:2484
  50:	d1 07       	cpc	r29, r17
/home/jenkins-mingw32/workspace/avr-gcc-staging/label/Ubuntu14.04x64-mingw32/gcc-build/avr/avr25/tiny-stack/libgcc/../../../../../gcc/libgcc/config/avr/lib1funcs.S:2489
  52:	d1 f7       	brne	.-12     	; 0x48 <__do_global_ctors+0x8>

00000054 <main>:
main():
C:\Users\razni\OneDrive\Робочий стіл\PerpetualLEDWristwatch\Code\12LEDWachATtiny13/12LEDWachATtiny13.ino:42
  54:	37 98       	cbi	0x06, 7	; 6
C:\Users\razni\OneDrive\Робочий стіл\PerpetualLEDWristwatch\Code\12LEDWachATtiny13/12LEDWachATtiny13.ino:43
  56:	80 e8       	ldi	r24, 0x80	; 128
  58:	88 b9       	out	0x08, r24	; 8
C:\Users\razni\OneDrive\Робочий стіл\PerpetualLEDWristwatch\Code\12LEDWachATtiny13/12LEDWachATtiny13.ino:46
  5a:	a8 95       	wdr
wdt_enable():
c:\users\razni\appdata\local\arduino15\packages\arduino\tools\avr-gcc\7.3.0-atmel3.6.1-arduino7\avr\include\avr/wdt.h:469
				: "I" (_SFR_IO_ADDR(_WD_CONTROL_REG)),
				"r" ((uint8_t)(_BV(_WD_CHANGE_BIT) | _BV(WDE))),
				"r" ((uint8_t) ((value & 0x08 ? _WD_PS3_MASK : 0x00) |
						_BV(WDE) | (value & 0x07)) )
				: "r0"
		);
  5c:	88 e1       	ldi	r24, 0x18	; 24
  5e:	9d e0       	ldi	r25, 0x0D	; 13
  60:	0f b6       	in	r0, 0x3f	; 63
  62:	f8 94       	cli
  64:	a8 95       	wdr
  66:	81 bd       	out	0x21, r24	; 33
  68:	0f be       	out	0x3f, r0	; 63
  6a:	91 bd       	out	0x21, r25	; 33
main():
C:\Users\razni\OneDrive\Робочий стіл\PerpetualLEDWristwatch\Code\12LEDWachATtiny13/12LEDWachATtiny13.ino:48
  6c:	81 b5       	in	r24, 0x21	; 33
  6e:	80 64       	ori	r24, 0x40	; 64
  70:	81 bd       	out	0x21, r24	; 33
C:\Users\razni\OneDrive\Робочий стіл\PerpetualLEDWristwatch\Code\12LEDWachATtiny13/12LEDWachATtiny13.ino:49
  72:	78 94       	sei
C:\Users\razni\OneDrive\Робочий стіл\PerpetualLEDWristwatch\Code\12LEDWachATtiny13/12LEDWachATtiny13.ino:51
  74:	85 b7       	in	r24, 0x35	; 53
  76:	87 7e       	andi	r24, 0xE7	; 231
  78:	80 61       	ori	r24, 0x10	; 16
  7a:	85 bf       	out	0x35, r24	; 53
C:\Users\razni\OneDrive\Робочий стіл\PerpetualLEDWristwatch\Code\12LEDWachATtiny13/12LEDWachATtiny13.ino:53
  7c:	85 b7       	in	r24, 0x35	; 53
  7e:	80 62       	ori	r24, 0x20	; 32
  80:	85 bf       	out	0x35, r24	; 53
C:\Users\razni\OneDrive\Робочий стіл\PerpetualLEDWristwatch\Code\12LEDWachATtiny13/12LEDWachATtiny13.ino:54
  82:	88 95       	sleep
  84:	fb cf       	rjmp	.-10     	; 0x7c <main+0x28>

00000086 <__vector_8>:
__vector_8():
C:\Users\razni\OneDrive\Робочий стіл\PerpetualLEDWristwatch\Code\12LEDWachATtiny13/12LEDWachATtiny13.ino:27
  86:	1f 92       	push	r1
  88:	0f 92       	push	r0
  8a:	0f b6       	in	r0, 0x3f	; 63
  8c:	0f 92       	push	r0
  8e:	11 24       	eor	r1, r1
  90:	2f 93       	push	r18
  92:	3f 93       	push	r19
  94:	4f 93       	push	r20
  96:	5f 93       	push	r21
  98:	6f 93       	push	r22
  9a:	7f 93       	push	r23
  9c:	8f 93       	push	r24
  9e:	9f 93       	push	r25
  a0:	af 93       	push	r26
  a2:	bf 93       	push	r27
  a4:	ef 93       	push	r30
  a6:	ff 93       	push	r31
C:\Users\razni\OneDrive\Робочий стіл\PerpetualLEDWristwatch\Code\12LEDWachATtiny13/12LEDWachATtiny13.ino:28
  a8:	80 91 63 00 	lds	r24, 0x0063	; 0x800063 <MSec>
  ac:	90 91 64 00 	lds	r25, 0x0064	; 0x800064 <MSec+0x1>
  b0:	a0 91 65 00 	lds	r26, 0x0065	; 0x800065 <MSec+0x2>
  b4:	b0 91 66 00 	lds	r27, 0x0066	; 0x800066 <MSec+0x3>
  b8:	81 5d       	subi	r24, 0xD1	; 209
  ba:	9d 4f       	sbci	r25, 0xFD	; 253
  bc:	af 4f       	sbci	r26, 0xFF	; 255
  be:	bf 4f       	sbci	r27, 0xFF	; 255
  c0:	80 93 63 00 	sts	0x0063, r24	; 0x800063 <MSec>
  c4:	90 93 64 00 	sts	0x0064, r25	; 0x800064 <MSec+0x1>
  c8:	a0 93 65 00 	sts	0x0065, r26	; 0x800065 <MSec+0x2>
  cc:	b0 93 66 00 	sts	0x0066, r27	; 0x800066 <MSec+0x3>
C:\Users\razni\OneDrive\Робочий стіл\PerpetualLEDWristwatch\Code\12LEDWachATtiny13/12LEDWachATtiny13.ino:30
  d0:	80 91 63 00 	lds	r24, 0x0063	; 0x800063 <MSec>
  d4:	90 91 64 00 	lds	r25, 0x0064	; 0x800064 <MSec+0x1>
  d8:	a0 91 65 00 	lds	r26, 0x0065	; 0x800065 <MSec+0x2>
  dc:	b0 91 66 00 	lds	r27, 0x0066	; 0x800066 <MSec+0x3>
  e0:	81 15       	cp	r24, r1
  e2:	9e 42       	sbci	r25, 0x2E	; 46
  e4:	a3 49       	sbci	r26, 0x93	; 147
  e6:	b2 40       	sbci	r27, 0x02	; 2
  e8:	98 f0       	brcs	.+38     	; 0x110 <__vector_8+0x8a>
C:\Users\razni\OneDrive\Робочий стіл\PerpetualLEDWristwatch\Code\12LEDWachATtiny13/12LEDWachATtiny13.ino:31
  ea:	80 91 63 00 	lds	r24, 0x0063	; 0x800063 <MSec>
  ee:	90 91 64 00 	lds	r25, 0x0064	; 0x800064 <MSec+0x1>
  f2:	a0 91 65 00 	lds	r26, 0x0065	; 0x800065 <MSec+0x2>
  f6:	b0 91 66 00 	lds	r27, 0x0066	; 0x800066 <MSec+0x3>
  fa:	9e 52       	subi	r25, 0x2E	; 46
  fc:	a3 49       	sbci	r26, 0x93	; 147
  fe:	b2 40       	sbci	r27, 0x02	; 2
 100:	80 93 63 00 	sts	0x0063, r24	; 0x800063 <MSec>
 104:	90 93 64 00 	sts	0x0064, r25	; 0x800064 <MSec+0x1>
 108:	a0 93 65 00 	sts	0x0065, r26	; 0x800065 <MSec+0x2>
 10c:	b0 93 66 00 	sts	0x0066, r27	; 0x800066 <MSec+0x3>
 110:	80 91 62 00 	lds	r24, 0x0062	; 0x800062 <__data_end>
C:\Users\razni\OneDrive\Робочий стіл\PerpetualLEDWristwatch\Code\12LEDWachATtiny13/12LEDWachATtiny13.ino:34
 114:	b4 99       	sbic	0x16, 4	; 22
 116:	03 c0       	rjmp	.+6      	; 0x11e <__vector_8+0x98>
 118:	88 23       	and	r24, r24
 11a:	09 f4       	brne	.+2      	; 0x11e <__vector_8+0x98>
 11c:	9a c0       	rjmp	.+308    	; 0x252 <__vector_8+0x1cc>
Time():
C:\Users\razni\OneDrive\Робочий стіл\PerpetualLEDWristwatch\Code\12LEDWachATtiny13/12LEDWachATtiny13.ino:61
 11e:	81 30       	cpi	r24, 0x01	; 1
 120:	09 f4       	brne	.+2      	; 0x124 <__vector_8+0x9e>
 122:	8e c0       	rjmp	.+284    	; 0x240 <__vector_8+0x1ba>
 124:	30 f0       	brcs	.+12     	; 0x132 <__vector_8+0xac>
 126:	82 30       	cpi	r24, 0x02	; 2
 128:	49 f1       	breq	.+82     	; 0x17c <__vector_8+0xf6>
 12a:	83 30       	cpi	r24, 0x03	; 3
 12c:	09 f4       	brne	.+2      	; 0x130 <__vector_8+0xaa>
 12e:	8a c0       	rjmp	.+276    	; 0x244 <__vector_8+0x1be>
 130:	8d c0       	rjmp	.+282    	; 0x24c <__vector_8+0x1c6>
C:\Users\razni\OneDrive\Робочий стіл\PerpetualLEDWristwatch\Code\12LEDWachATtiny13/12LEDWachATtiny13.ino:63
 132:	80 91 63 00 	lds	r24, 0x0063	; 0x800063 <MSec>
 136:	90 91 64 00 	lds	r25, 0x0064	; 0x800064 <MSec+0x1>
 13a:	a0 91 65 00 	lds	r26, 0x0065	; 0x800065 <MSec+0x2>
 13e:	b0 91 66 00 	lds	r27, 0x0066	; 0x800066 <MSec+0x3>
 142:	89 2b       	or	r24, r25
 144:	8a 2b       	or	r24, r26
 146:	8b 2b       	or	r24, r27
 148:	19 f4       	brne	.+6      	; 0x150 <__vector_8+0xca>
C:\Users\razni\OneDrive\Робочий стіл\PerpetualLEDWristwatch\Code\12LEDWachATtiny13/12LEDWachATtiny13.ino:64
 14a:	10 92 61 00 	sts	0x0061, r1	; 0x800061 <Hours>
 14e:	0f c0       	rjmp	.+30     	; 0x16e <__vector_8+0xe8>
C:\Users\razni\OneDrive\Робочий стіл\PerpetualLEDWristwatch\Code\12LEDWachATtiny13/12LEDWachATtiny13.ino:66
 150:	60 91 63 00 	lds	r22, 0x0063	; 0x800063 <MSec>
 154:	70 91 64 00 	lds	r23, 0x0064	; 0x800064 <MSec+0x1>
 158:	80 91 65 00 	lds	r24, 0x0065	; 0x800065 <MSec+0x2>
 15c:	90 91 66 00 	lds	r25, 0x0066	; 0x800066 <MSec+0x3>
 160:	20 e8       	ldi	r18, 0x80	; 128
 162:	3e ee       	ldi	r19, 0xEE	; 238
 164:	46 e3       	ldi	r20, 0x36	; 54
 166:	50 e0       	ldi	r21, 0x00	; 0
 168:	cc d0       	rcall	.+408    	; 0x302 <__udivmodsi4>
 16a:	20 93 61 00 	sts	0x0061, r18	; 0x800061 <Hours>
C:\Users\razni\OneDrive\Робочий стіл\PerpetualLEDWristwatch\Code\12LEDWachATtiny13/12LEDWachATtiny13.ino:69
 16e:	e0 91 61 00 	lds	r30, 0x0061	; 0x800061 <Hours>
__vector_8():
C:\Users\razni\OneDrive\Робочий стіл\PerpetualLEDWristwatch\Code\12LEDWachATtiny13/12LEDWachATtiny13.ino:76
 172:	81 e0       	ldi	r24, 0x01	; 1
Time():
C:\Users\razni\OneDrive\Робочий стіл\PerpetualLEDWristwatch\Code\12LEDWachATtiny13/12LEDWachATtiny13.ino:69
 174:	ee 23       	and	r30, r30
 176:	09 f4       	brne	.+2      	; 0x17a <__vector_8+0xf4>
 178:	5e c0       	rjmp	.+188    	; 0x236 <__vector_8+0x1b0>
 17a:	2d c0       	rjmp	.+90     	; 0x1d6 <__vector_8+0x150>
C:\Users\razni\OneDrive\Робочий стіл\PerpetualLEDWristwatch\Code\12LEDWachATtiny13/12LEDWachATtiny13.ino:85
 17c:	80 91 63 00 	lds	r24, 0x0063	; 0x800063 <MSec>
 180:	90 91 64 00 	lds	r25, 0x0064	; 0x800064 <MSec+0x1>
 184:	a0 91 65 00 	lds	r26, 0x0065	; 0x800065 <MSec+0x2>
 188:	b0 91 66 00 	lds	r27, 0x0066	; 0x800066 <MSec+0x3>
 18c:	89 2b       	or	r24, r25
 18e:	8a 2b       	or	r24, r26
 190:	8b 2b       	or	r24, r27
 192:	19 f4       	brne	.+6      	; 0x19a <__vector_8+0x114>
C:\Users\razni\OneDrive\Робочий стіл\PerpetualLEDWristwatch\Code\12LEDWachATtiny13/12LEDWachATtiny13.ino:86
 194:	10 92 60 00 	sts	0x0060, r1	; 0x800060 <__DATA_REGION_ORIGIN__>
 198:	1b c0       	rjmp	.+54     	; 0x1d0 <__vector_8+0x14a>
C:\Users\razni\OneDrive\Робочий стіл\PerpetualLEDWristwatch\Code\12LEDWachATtiny13/12LEDWachATtiny13.ino:88
 19a:	60 91 63 00 	lds	r22, 0x0063	; 0x800063 <MSec>
 19e:	70 91 64 00 	lds	r23, 0x0064	; 0x800064 <MSec+0x1>
 1a2:	80 91 65 00 	lds	r24, 0x0065	; 0x800065 <MSec+0x2>
 1a6:	90 91 66 00 	lds	r25, 0x0066	; 0x800066 <MSec+0x3>
 1aa:	20 e6       	ldi	r18, 0x60	; 96
 1ac:	3a ee       	ldi	r19, 0xEA	; 234
 1ae:	40 e0       	ldi	r20, 0x00	; 0
 1b0:	50 e0       	ldi	r21, 0x00	; 0
 1b2:	a7 d0       	rcall	.+334    	; 0x302 <__udivmodsi4>
 1b4:	ca 01       	movw	r24, r20
 1b6:	b9 01       	movw	r22, r18
 1b8:	2c e3       	ldi	r18, 0x3C	; 60
 1ba:	30 e0       	ldi	r19, 0x00	; 0
 1bc:	40 e0       	ldi	r20, 0x00	; 0
 1be:	50 e0       	ldi	r21, 0x00	; 0
 1c0:	a0 d0       	rcall	.+320    	; 0x302 <__udivmodsi4>
 1c2:	25 e0       	ldi	r18, 0x05	; 5
 1c4:	30 e0       	ldi	r19, 0x00	; 0
 1c6:	40 e0       	ldi	r20, 0x00	; 0
 1c8:	50 e0       	ldi	r21, 0x00	; 0
 1ca:	9b d0       	rcall	.+310    	; 0x302 <__udivmodsi4>
 1cc:	20 93 60 00 	sts	0x0060, r18	; 0x800060 <__DATA_REGION_ORIGIN__>
C:\Users\razni\OneDrive\Робочий стіл\PerpetualLEDWristwatch\Code\12LEDWachATtiny13/12LEDWachATtiny13.ino:91
 1d0:	e0 91 60 00 	lds	r30, 0x0060	; 0x800060 <__DATA_REGION_ORIGIN__>
__vector_8():
C:\Users\razni\OneDrive\Робочий стіл\PerpetualLEDWristwatch\Code\12LEDWachATtiny13/12LEDWachATtiny13.ino:93
 1d4:	83 e0       	ldi	r24, 0x03	; 3
ledOn():
C:\Users\razni\OneDrive\Робочий стіл\PerpetualLEDWristwatch\Code\12LEDWachATtiny13/12LEDWachATtiny13.ino:110
 1d6:	e1 50       	subi	r30, 0x01	; 1
 1d8:	ec 30       	cpi	r30, 0x0C	; 12
 1da:	08 f0       	brcs	.+2      	; 0x1de <__vector_8+0x158>
 1dc:	34 c0       	rjmp	.+104    	; 0x246 <__vector_8+0x1c0>
 1de:	f0 e0       	ldi	r31, 0x00	; 0
 1e0:	ed 50       	subi	r30, 0x0D	; 13
 1e2:	ff 4f       	sbci	r31, 0xFF	; 255
 1e4:	09 94       	ijmp
 1e6:	0b c0       	rjmp	.+22     	; 0x1fe <__vector_8+0x178>
 1e8:	0c c0       	rjmp	.+24     	; 0x202 <__vector_8+0x17c>
 1ea:	0d c0       	rjmp	.+26     	; 0x206 <__vector_8+0x180>
 1ec:	10 c0       	rjmp	.+32     	; 0x20e <__vector_8+0x188>
 1ee:	11 c0       	rjmp	.+34     	; 0x212 <__vector_8+0x18c>
 1f0:	14 c0       	rjmp	.+40     	; 0x21a <__vector_8+0x194>
 1f2:	15 c0       	rjmp	.+42     	; 0x21e <__vector_8+0x198>
 1f4:	16 c0       	rjmp	.+44     	; 0x222 <__vector_8+0x19c>
 1f6:	17 c0       	rjmp	.+46     	; 0x226 <__vector_8+0x1a0>
 1f8:	18 c0       	rjmp	.+48     	; 0x22a <__vector_8+0x1a4>
 1fa:	19 c0       	rjmp	.+50     	; 0x22e <__vector_8+0x1a8>
 1fc:	1c c0       	rjmp	.+56     	; 0x236 <__vector_8+0x1b0>
C:\Users\razni\OneDrive\Робочий стіл\PerpetualLEDWristwatch\Code\12LEDWachATtiny13/12LEDWachATtiny13.ino:113
 1fe:	93 e0       	ldi	r25, 0x03	; 3
 200:	1b c0       	rjmp	.+54     	; 0x238 <__vector_8+0x1b2>
C:\Users\razni\OneDrive\Робочий стіл\PerpetualLEDWristwatch\Code\12LEDWachATtiny13/12LEDWachATtiny13.ino:118
 202:	93 e0       	ldi	r25, 0x03	; 3
 204:	01 c0       	rjmp	.+2      	; 0x208 <__vector_8+0x182>
C:\Users\razni\OneDrive\Робочий стіл\PerpetualLEDWristwatch\Code\12LEDWachATtiny13/12LEDWachATtiny13.ino:123
 206:	96 e0       	ldi	r25, 0x06	; 6
 208:	97 bb       	out	0x17, r25	; 23
C:\Users\razni\OneDrive\Робочий стіл\PerpetualLEDWristwatch\Code\12LEDWachATtiny13/12LEDWachATtiny13.ino:124
 20a:	92 e0       	ldi	r25, 0x02	; 2
 20c:	17 c0       	rjmp	.+46     	; 0x23c <__vector_8+0x1b6>
C:\Users\razni\OneDrive\Робочий стіл\PerpetualLEDWristwatch\Code\12LEDWachATtiny13/12LEDWachATtiny13.ino:128
 20e:	96 e0       	ldi	r25, 0x06	; 6
 210:	01 c0       	rjmp	.+2      	; 0x214 <__vector_8+0x18e>
C:\Users\razni\OneDrive\Робочий стіл\PerpetualLEDWristwatch\Code\12LEDWachATtiny13/12LEDWachATtiny13.ino:133
 212:	9c e0       	ldi	r25, 0x0C	; 12
 214:	97 bb       	out	0x17, r25	; 23
C:\Users\razni\OneDrive\Робочий стіл\PerpetualLEDWristwatch\Code\12LEDWachATtiny13/12LEDWachATtiny13.ino:134
 216:	94 e0       	ldi	r25, 0x04	; 4
 218:	11 c0       	rjmp	.+34     	; 0x23c <__vector_8+0x1b6>
C:\Users\razni\OneDrive\Робочий стіл\PerpetualLEDWristwatch\Code\12LEDWachATtiny13/12LEDWachATtiny13.ino:138
 21a:	9c e0       	ldi	r25, 0x0C	; 12
 21c:	09 c0       	rjmp	.+18     	; 0x230 <__vector_8+0x1aa>
C:\Users\razni\OneDrive\Робочий стіл\PerpetualLEDWristwatch\Code\12LEDWachATtiny13/12LEDWachATtiny13.ino:143
 21e:	95 e0       	ldi	r25, 0x05	; 5
 220:	f9 cf       	rjmp	.-14     	; 0x214 <__vector_8+0x18e>
C:\Users\razni\OneDrive\Робочий стіл\PerpetualLEDWristwatch\Code\12LEDWachATtiny13/12LEDWachATtiny13.ino:148
 222:	95 e0       	ldi	r25, 0x05	; 5
 224:	09 c0       	rjmp	.+18     	; 0x238 <__vector_8+0x1b2>
C:\Users\razni\OneDrive\Робочий стіл\PerpetualLEDWristwatch\Code\12LEDWachATtiny13/12LEDWachATtiny13.ino:153
 226:	9a e0       	ldi	r25, 0x0A	; 10
 228:	03 c0       	rjmp	.+6      	; 0x230 <__vector_8+0x1aa>
C:\Users\razni\OneDrive\Робочий стіл\PerpetualLEDWristwatch\Code\12LEDWachATtiny13/12LEDWachATtiny13.ino:158
 22a:	9a e0       	ldi	r25, 0x0A	; 10
 22c:	ed cf       	rjmp	.-38     	; 0x208 <__vector_8+0x182>
C:\Users\razni\OneDrive\Робочий стіл\PerpetualLEDWristwatch\Code\12LEDWachATtiny13/12LEDWachATtiny13.ino:163
 22e:	99 e0       	ldi	r25, 0x09	; 9
 230:	97 bb       	out	0x17, r25	; 23
C:\Users\razni\OneDrive\Робочий стіл\PerpetualLEDWristwatch\Code\12LEDWachATtiny13/12LEDWachATtiny13.ino:164
 232:	98 e0       	ldi	r25, 0x08	; 8
 234:	03 c0       	rjmp	.+6      	; 0x23c <__vector_8+0x1b6>
C:\Users\razni\OneDrive\Робочий стіл\PerpetualLEDWristwatch\Code\12LEDWachATtiny13/12LEDWachATtiny13.ino:168
 236:	99 e0       	ldi	r25, 0x09	; 9
 238:	97 bb       	out	0x17, r25	; 23
C:\Users\razni\OneDrive\Робочий стіл\PerpetualLEDWristwatch\Code\12LEDWachATtiny13/12LEDWachATtiny13.ino:169
 23a:	91 e0       	ldi	r25, 0x01	; 1
 23c:	98 bb       	out	0x18, r25	; 24
 23e:	07 c0       	rjmp	.+14     	; 0x24e <__vector_8+0x1c8>
__vector_8():
C:\Users\razni\OneDrive\Робочий стіл\PerpetualLEDWristwatch\Code\12LEDWachATtiny13/12LEDWachATtiny13.ino:81
 240:	82 e0       	ldi	r24, 0x02	; 2
 242:	01 c0       	rjmp	.+2      	; 0x246 <__vector_8+0x1c0>
C:\Users\razni\OneDrive\Робочий стіл\PerpetualLEDWristwatch\Code\12LEDWachATtiny13/12LEDWachATtiny13.ino:98
 244:	80 e0       	ldi	r24, 0x00	; 0
ledOn():
C:\Users\razni\OneDrive\Робочий стіл\PerpetualLEDWristwatch\Code\12LEDWachATtiny13/12LEDWachATtiny13.ino:173
 246:	17 ba       	out	0x17, r1	; 23
C:\Users\razni\OneDrive\Робочий стіл\PerpetualLEDWristwatch\Code\12LEDWachATtiny13/12LEDWachATtiny13.ino:174
 248:	18 ba       	out	0x18, r1	; 24
 24a:	01 c0       	rjmp	.+2      	; 0x24e <__vector_8+0x1c8>
__vector_8():
C:\Users\razni\OneDrive\Робочий стіл\PerpetualLEDWristwatch\Code\12LEDWachATtiny13/12LEDWachATtiny13.ino:102
 24c:	8f ef       	ldi	r24, 0xFF	; 255
C:\Users\razni\OneDrive\Робочий стіл\PerpetualLEDWristwatch\Code\12LEDWachATtiny13/12LEDWachATtiny13.ino:35
 24e:	80 93 62 00 	sts	0x0062, r24	; 0x800062 <__data_end>
C:\Users\razni\OneDrive\Робочий стіл\PerpetualLEDWristwatch\Code\12LEDWachATtiny13/12LEDWachATtiny13.ino:38
 252:	81 b5       	in	r24, 0x21	; 33
 254:	80 64       	ori	r24, 0x40	; 64
 256:	81 bd       	out	0x21, r24	; 33
C:\Users\razni\OneDrive\Робочий стіл\PerpetualLEDWristwatch\Code\12LEDWachATtiny13/12LEDWachATtiny13.ino:39
 258:	ff 91       	pop	r31
 25a:	ef 91       	pop	r30
 25c:	bf 91       	pop	r27
 25e:	af 91       	pop	r26
 260:	9f 91       	pop	r25
 262:	8f 91       	pop	r24
 264:	7f 91       	pop	r23
 266:	6f 91       	pop	r22
 268:	5f 91       	pop	r21
 26a:	4f 91       	pop	r20
 26c:	3f 91       	pop	r19
 26e:	2f 91       	pop	r18
 270:	0f 90       	pop	r0
 272:	0f be       	out	0x3f, r0	; 63
 274:	0f 90       	pop	r0
 276:	1f 90       	pop	r1
 278:	18 95       	reti

0000027a <_GLOBAL__sub_I_Hours>:
_GLOBAL__sub_I_Hours():
C:\Users\razni\OneDrive\Робочий стіл\PerpetualLEDWristwatch\Code\12LEDWachATtiny13/12LEDWachATtiny13.ino:176
 27a:	cf 92       	push	r12
 27c:	df 92       	push	r13
 27e:	ef 92       	push	r14
 280:	ff 92       	push	r15
__static_initialization_and_destruction_0():
C:\Users\razni\OneDrive\Робочий стіл\PerpetualLEDWristwatch\Code\12LEDWachATtiny13/12LEDWachATtiny13.ino:23
 282:	60 91 61 00 	lds	r22, 0x0061	; 0x800061 <Hours>
 286:	70 e0       	ldi	r23, 0x00	; 0
 288:	90 e0       	ldi	r25, 0x00	; 0
 28a:	80 e0       	ldi	r24, 0x00	; 0
 28c:	20 e8       	ldi	r18, 0x80	; 128
 28e:	3e ee       	ldi	r19, 0xEE	; 238
 290:	46 e3       	ldi	r20, 0x36	; 54
 292:	50 e0       	ldi	r21, 0x00	; 0
 294:	1d d0       	rcall	.+58     	; 0x2d0 <__mulsi3>
 296:	6b 01       	movw	r12, r22
 298:	7c 01       	movw	r14, r24
 29a:	60 91 60 00 	lds	r22, 0x0060	; 0x800060 <__DATA_REGION_ORIGIN__>
 29e:	70 e0       	ldi	r23, 0x00	; 0
 2a0:	90 e0       	ldi	r25, 0x00	; 0
 2a2:	80 e0       	ldi	r24, 0x00	; 0
 2a4:	20 e6       	ldi	r18, 0x60	; 96
 2a6:	3a ee       	ldi	r19, 0xEA	; 234
 2a8:	40 e0       	ldi	r20, 0x00	; 0
 2aa:	50 e0       	ldi	r21, 0x00	; 0
 2ac:	11 d0       	rcall	.+34     	; 0x2d0 <__mulsi3>
 2ae:	c6 0e       	add	r12, r22
 2b0:	d7 1e       	adc	r13, r23
 2b2:	e8 1e       	adc	r14, r24
 2b4:	f9 1e       	adc	r15, r25
 2b6:	c0 92 63 00 	sts	0x0063, r12	; 0x800063 <MSec>
 2ba:	d0 92 64 00 	sts	0x0064, r13	; 0x800064 <MSec+0x1>
 2be:	e0 92 65 00 	sts	0x0065, r14	; 0x800065 <MSec+0x2>
 2c2:	f0 92 66 00 	sts	0x0066, r15	; 0x800066 <MSec+0x3>
_GLOBAL__sub_I_Hours():
C:\Users\razni\OneDrive\Робочий стіл\PerpetualLEDWristwatch\Code\12LEDWachATtiny13/12LEDWachATtiny13.ino:176
 2c6:	ff 90       	pop	r15
 2c8:	ef 90       	pop	r14
 2ca:	df 90       	pop	r13
 2cc:	cf 90       	pop	r12
 2ce:	08 95       	ret

000002d0 <__mulsi3>:
__mulsi3():
/home/jenkins-mingw32/workspace/avr-gcc-staging/label/Ubuntu14.04x64-mingw32/gcc-build/avr/avr25/tiny-stack/libgcc/../../../../../gcc/libgcc/config/avr/lib1funcs.S:445
 2d0:	ee 27       	eor	r30, r30
/home/jenkins-mingw32/workspace/avr-gcc-staging/label/Ubuntu14.04x64-mingw32/gcc-build/avr/avr25/tiny-stack/libgcc/../../../../../gcc/libgcc/config/avr/lib1funcs.S:446
 2d2:	ff 27       	eor	r31, r31

000002d4 <__mulsi3_helper>:
__mulsi3_helper():
/home/jenkins-mingw32/workspace/avr-gcc-staging/label/Ubuntu14.04x64-mingw32/gcc-build/avr/avr25/tiny-stack/libgcc/../../../../../gcc/libgcc/config/avr/lib1funcs.S:451
 2d4:	aa 27       	eor	r26, r26
/home/jenkins-mingw32/workspace/avr-gcc-staging/label/Ubuntu14.04x64-mingw32/gcc-build/avr/avr25/tiny-stack/libgcc/../../../../../gcc/libgcc/config/avr/lib1funcs.S:452
 2d6:	bb 27       	eor	r27, r27
/home/jenkins-mingw32/workspace/avr-gcc-staging/label/Ubuntu14.04x64-mingw32/gcc-build/avr/avr25/tiny-stack/libgcc/../../../../../gcc/libgcc/config/avr/lib1funcs.S:453
 2d8:	08 c0       	rjmp	.+16     	; 0x2ea <__mulsi3_helper+0x16>
/home/jenkins-mingw32/workspace/avr-gcc-staging/label/Ubuntu14.04x64-mingw32/gcc-build/avr/avr25/tiny-stack/libgcc/../../../../../gcc/libgcc/config/avr/lib1funcs.S:457
 2da:	a2 0f       	add	r26, r18
 2dc:	b3 1f       	adc	r27, r19
 2de:	e4 1f       	adc	r30, r20
 2e0:	f5 1f       	adc	r31, r21
/home/jenkins-mingw32/workspace/avr-gcc-staging/label/Ubuntu14.04x64-mingw32/gcc-build/avr/avr25/tiny-stack/libgcc/../../../../../gcc/libgcc/config/avr/lib1funcs.S:460
 2e2:	22 0f       	add	r18, r18
 2e4:	33 1f       	adc	r19, r19
 2e6:	44 1f       	adc	r20, r20
 2e8:	55 1f       	adc	r21, r21
/home/jenkins-mingw32/workspace/avr-gcc-staging/label/Ubuntu14.04x64-mingw32/gcc-build/avr/avr25/tiny-stack/libgcc/../../../../../gcc/libgcc/config/avr/lib1funcs.S:463
 2ea:	96 95       	lsr	r25
 2ec:	87 95       	ror	r24
 2ee:	77 95       	ror	r23
 2f0:	67 95       	ror	r22
/home/jenkins-mingw32/workspace/avr-gcc-staging/label/Ubuntu14.04x64-mingw32/gcc-build/avr/avr25/tiny-stack/libgcc/../../../../../gcc/libgcc/config/avr/lib1funcs.S:465
 2f2:	98 f3       	brcs	.-26     	; 0x2da <__mulsi3_helper+0x6>
/home/jenkins-mingw32/workspace/avr-gcc-staging/label/Ubuntu14.04x64-mingw32/gcc-build/avr/avr25/tiny-stack/libgcc/../../../../../gcc/libgcc/config/avr/lib1funcs.S:467
 2f4:	70 40       	sbci	r23, 0x00	; 0
/home/jenkins-mingw32/workspace/avr-gcc-staging/label/Ubuntu14.04x64-mingw32/gcc-build/avr/avr25/tiny-stack/libgcc/../../../../../gcc/libgcc/config/avr/lib1funcs.S:468
 2f6:	a9 f7       	brne	.-22     	; 0x2e2 <__mulsi3_helper+0xe>
/home/jenkins-mingw32/workspace/avr-gcc-staging/label/Ubuntu14.04x64-mingw32/gcc-build/avr/avr25/tiny-stack/libgcc/../../../../../gcc/libgcc/config/avr/lib1funcs.S:469
 2f8:	00 97       	sbiw	r24, 0x00	; 0
/home/jenkins-mingw32/workspace/avr-gcc-staging/label/Ubuntu14.04x64-mingw32/gcc-build/avr/avr25/tiny-stack/libgcc/../../../../../gcc/libgcc/config/avr/lib1funcs.S:470
 2fa:	99 f7       	brne	.-26     	; 0x2e2 <__mulsi3_helper+0xe>
/home/jenkins-mingw32/workspace/avr-gcc-staging/label/Ubuntu14.04x64-mingw32/gcc-build/avr/avr25/tiny-stack/libgcc/../../../../../gcc/libgcc/config/avr/lib1funcs.S:473
 2fc:	bd 01       	movw	r22, r26
/home/jenkins-mingw32/workspace/avr-gcc-staging/label/Ubuntu14.04x64-mingw32/gcc-build/avr/avr25/tiny-stack/libgcc/../../../../../gcc/libgcc/config/avr/lib1funcs.S:474
 2fe:	cf 01       	movw	r24, r30
/home/jenkins-mingw32/workspace/avr-gcc-staging/label/Ubuntu14.04x64-mingw32/gcc-build/avr/avr25/tiny-stack/libgcc/../../../../../gcc/libgcc/config/avr/lib1funcs.S:480
 300:	08 95       	ret

00000302 <__udivmodsi4>:
__udivmodsi4():
/home/jenkins-mingw32/workspace/avr-gcc-staging/label/Ubuntu14.04x64-mingw32/gcc-build/avr/avr25/tiny-stack/libgcc/../../../../../gcc/libgcc/config/avr/lib1funcs.S:1638
 302:	a1 e2       	ldi	r26, 0x21	; 33
/home/jenkins-mingw32/workspace/avr-gcc-staging/label/Ubuntu14.04x64-mingw32/gcc-build/avr/avr25/tiny-stack/libgcc/../../../../../gcc/libgcc/config/avr/lib1funcs.S:1639
 304:	1a 2e       	mov	r1, r26
/home/jenkins-mingw32/workspace/avr-gcc-staging/label/Ubuntu14.04x64-mingw32/gcc-build/avr/avr25/tiny-stack/libgcc/../../../../../gcc/libgcc/config/avr/lib1funcs.S:1640
 306:	aa 1b       	sub	r26, r26
/home/jenkins-mingw32/workspace/avr-gcc-staging/label/Ubuntu14.04x64-mingw32/gcc-build/avr/avr25/tiny-stack/libgcc/../../../../../gcc/libgcc/config/avr/lib1funcs.S:1641
 308:	bb 1b       	sub	r27, r27
/home/jenkins-mingw32/workspace/avr-gcc-staging/label/Ubuntu14.04x64-mingw32/gcc-build/avr/avr25/tiny-stack/libgcc/../../../../../gcc/libgcc/config/avr/lib1funcs.S:1642
 30a:	fd 01       	movw	r30, r26
/home/jenkins-mingw32/workspace/avr-gcc-staging/label/Ubuntu14.04x64-mingw32/gcc-build/avr/avr25/tiny-stack/libgcc/../../../../../gcc/libgcc/config/avr/lib1funcs.S:1644
 30c:	0d c0       	rjmp	.+26     	; 0x328 <__udivmodsi4_ep>

0000030e <__udivmodsi4_loop>:
/home/jenkins-mingw32/workspace/avr-gcc-staging/label/Ubuntu14.04x64-mingw32/gcc-build/avr/avr25/tiny-stack/libgcc/../../../../../gcc/libgcc/config/avr/lib1funcs.S:1646
 30e:	aa 1f       	adc	r26, r26
/home/jenkins-mingw32/workspace/avr-gcc-staging/label/Ubuntu14.04x64-mingw32/gcc-build/avr/avr25/tiny-stack/libgcc/../../../../../gcc/libgcc/config/avr/lib1funcs.S:1647
 310:	bb 1f       	adc	r27, r27
/home/jenkins-mingw32/workspace/avr-gcc-staging/label/Ubuntu14.04x64-mingw32/gcc-build/avr/avr25/tiny-stack/libgcc/../../../../../gcc/libgcc/config/avr/lib1funcs.S:1648
 312:	ee 1f       	adc	r30, r30
/home/jenkins-mingw32/workspace/avr-gcc-staging/label/Ubuntu14.04x64-mingw32/gcc-build/avr/avr25/tiny-stack/libgcc/../../../../../gcc/libgcc/config/avr/lib1funcs.S:1649
 314:	ff 1f       	adc	r31, r31
/home/jenkins-mingw32/workspace/avr-gcc-staging/label/Ubuntu14.04x64-mingw32/gcc-build/avr/avr25/tiny-stack/libgcc/../../../../../gcc/libgcc/config/avr/lib1funcs.S:1650
 316:	a2 17       	cp	r26, r18
/home/jenkins-mingw32/workspace/avr-gcc-staging/label/Ubuntu14.04x64-mingw32/gcc-build/avr/avr25/tiny-stack/libgcc/../../../../../gcc/libgcc/config/avr/lib1funcs.S:1651
 318:	b3 07       	cpc	r27, r19
/home/jenkins-mingw32/workspace/avr-gcc-staging/label/Ubuntu14.04x64-mingw32/gcc-build/avr/avr25/tiny-stack/libgcc/../../../../../gcc/libgcc/config/avr/lib1funcs.S:1652
 31a:	e4 07       	cpc	r30, r20
/home/jenkins-mingw32/workspace/avr-gcc-staging/label/Ubuntu14.04x64-mingw32/gcc-build/avr/avr25/tiny-stack/libgcc/../../../../../gcc/libgcc/config/avr/lib1funcs.S:1653
 31c:	f5 07       	cpc	r31, r21
/home/jenkins-mingw32/workspace/avr-gcc-staging/label/Ubuntu14.04x64-mingw32/gcc-build/avr/avr25/tiny-stack/libgcc/../../../../../gcc/libgcc/config/avr/lib1funcs.S:1654
 31e:	20 f0       	brcs	.+8      	; 0x328 <__udivmodsi4_ep>
/home/jenkins-mingw32/workspace/avr-gcc-staging/label/Ubuntu14.04x64-mingw32/gcc-build/avr/avr25/tiny-stack/libgcc/../../../../../gcc/libgcc/config/avr/lib1funcs.S:1655
 320:	a2 1b       	sub	r26, r18
/home/jenkins-mingw32/workspace/avr-gcc-staging/label/Ubuntu14.04x64-mingw32/gcc-build/avr/avr25/tiny-stack/libgcc/../../../../../gcc/libgcc/config/avr/lib1funcs.S:1656
 322:	b3 0b       	sbc	r27, r19
/home/jenkins-mingw32/workspace/avr-gcc-staging/label/Ubuntu14.04x64-mingw32/gcc-build/avr/avr25/tiny-stack/libgcc/../../../../../gcc/libgcc/config/avr/lib1funcs.S:1657
 324:	e4 0b       	sbc	r30, r20
/home/jenkins-mingw32/workspace/avr-gcc-staging/label/Ubuntu14.04x64-mingw32/gcc-build/avr/avr25/tiny-stack/libgcc/../../../../../gcc/libgcc/config/avr/lib1funcs.S:1658
 326:	f5 0b       	sbc	r31, r21

00000328 <__udivmodsi4_ep>:
/home/jenkins-mingw32/workspace/avr-gcc-staging/label/Ubuntu14.04x64-mingw32/gcc-build/avr/avr25/tiny-stack/libgcc/../../../../../gcc/libgcc/config/avr/lib1funcs.S:1660
 328:	66 1f       	adc	r22, r22
/home/jenkins-mingw32/workspace/avr-gcc-staging/label/Ubuntu14.04x64-mingw32/gcc-build/avr/avr25/tiny-stack/libgcc/../../../../../gcc/libgcc/config/avr/lib1funcs.S:1661
 32a:	77 1f       	adc	r23, r23
/home/jenkins-mingw32/workspace/avr-gcc-staging/label/Ubuntu14.04x64-mingw32/gcc-build/avr/avr25/tiny-stack/libgcc/../../../../../gcc/libgcc/config/avr/lib1funcs.S:1662
 32c:	88 1f       	adc	r24, r24
/home/jenkins-mingw32/workspace/avr-gcc-staging/label/Ubuntu14.04x64-mingw32/gcc-build/avr/avr25/tiny-stack/libgcc/../../../../../gcc/libgcc/config/avr/lib1funcs.S:1663
 32e:	99 1f       	adc	r25, r25
/home/jenkins-mingw32/workspace/avr-gcc-staging/label/Ubuntu14.04x64-mingw32/gcc-build/avr/avr25/tiny-stack/libgcc/../../../../../gcc/libgcc/config/avr/lib1funcs.S:1664
 330:	1a 94       	dec	r1
/home/jenkins-mingw32/workspace/avr-gcc-staging/label/Ubuntu14.04x64-mingw32/gcc-build/avr/avr25/tiny-stack/libgcc/../../../../../gcc/libgcc/config/avr/lib1funcs.S:1665
 332:	69 f7       	brne	.-38     	; 0x30e <__udivmodsi4_loop>
/home/jenkins-mingw32/workspace/avr-gcc-staging/label/Ubuntu14.04x64-mingw32/gcc-build/avr/avr25/tiny-stack/libgcc/../../../../../gcc/libgcc/config/avr/lib1funcs.S:1667
 334:	60 95       	com	r22
/home/jenkins-mingw32/workspace/avr-gcc-staging/label/Ubuntu14.04x64-mingw32/gcc-build/avr/avr25/tiny-stack/libgcc/../../../../../gcc/libgcc/config/avr/lib1funcs.S:1668
 336:	70 95       	com	r23
/home/jenkins-mingw32/workspace/avr-gcc-staging/label/Ubuntu14.04x64-mingw32/gcc-build/avr/avr25/tiny-stack/libgcc/../../../../../gcc/libgcc/config/avr/lib1funcs.S:1669
 338:	80 95       	com	r24
/home/jenkins-mingw32/workspace/avr-gcc-staging/label/Ubuntu14.04x64-mingw32/gcc-build/avr/avr25/tiny-stack/libgcc/../../../../../gcc/libgcc/config/avr/lib1funcs.S:1670
 33a:	90 95       	com	r25
/home/jenkins-mingw32/workspace/avr-gcc-staging/label/Ubuntu14.04x64-mingw32/gcc-build/avr/avr25/tiny-stack/libgcc/../../../../../gcc/libgcc/config/avr/lib1funcs.S:1672
 33c:	9b 01       	movw	r18, r22
/home/jenkins-mingw32/workspace/avr-gcc-staging/label/Ubuntu14.04x64-mingw32/gcc-build/avr/avr25/tiny-stack/libgcc/../../../../../gcc/libgcc/config/avr/lib1funcs.S:1674
 33e:	ac 01       	movw	r20, r24
/home/jenkins-mingw32/workspace/avr-gcc-staging/label/Ubuntu14.04x64-mingw32/gcc-build/avr/avr25/tiny-stack/libgcc/../../../../../gcc/libgcc/config/avr/lib1funcs.S:1676
 340:	bd 01       	movw	r22, r26
/home/jenkins-mingw32/workspace/avr-gcc-staging/label/Ubuntu14.04x64-mingw32/gcc-build/avr/avr25/tiny-stack/libgcc/../../../../../gcc/libgcc/config/avr/lib1funcs.S:1678
 342:	cf 01       	movw	r24, r30
/home/jenkins-mingw32/workspace/avr-gcc-staging/label/Ubuntu14.04x64-mingw32/gcc-build/avr/avr25/tiny-stack/libgcc/../../../../../gcc/libgcc/config/avr/lib1funcs.S:1680
 344:	08 95       	ret

00000346 <__tablejump2__>:
__tablejump2__():
/home/jenkins-mingw32/workspace/avr-gcc-staging/label/Ubuntu14.04x64-mingw32/gcc-build/avr/avr25/tiny-stack/libgcc/../../../../../gcc/libgcc/config/avr/lib1funcs.S:2296
 346:	ee 0f       	add	r30, r30
/home/jenkins-mingw32/workspace/avr-gcc-staging/label/Ubuntu14.04x64-mingw32/gcc-build/avr/avr25/tiny-stack/libgcc/../../../../../gcc/libgcc/config/avr/lib1funcs.S:2297
 348:	ff 1f       	adc	r31, r31
/home/jenkins-mingw32/workspace/avr-gcc-staging/label/Ubuntu14.04x64-mingw32/gcc-build/avr/avr25/tiny-stack/libgcc/../../../../../gcc/libgcc/config/avr/lib1funcs.S:2328
 34a:	05 90       	lpm	r0, Z+
/home/jenkins-mingw32/workspace/avr-gcc-staging/label/Ubuntu14.04x64-mingw32/gcc-build/avr/avr25/tiny-stack/libgcc/../../../../../gcc/libgcc/config/avr/lib1funcs.S:2329
 34c:	f4 91       	lpm	r31, Z
/home/jenkins-mingw32/workspace/avr-gcc-staging/label/Ubuntu14.04x64-mingw32/gcc-build/avr/avr25/tiny-stack/libgcc/../../../../../gcc/libgcc/config/avr/lib1funcs.S:2330
 34e:	e0 2d       	mov	r30, r0
/home/jenkins-mingw32/workspace/avr-gcc-staging/label/Ubuntu14.04x64-mingw32/gcc-build/avr/avr25/tiny-stack/libgcc/../../../../../gcc/libgcc/config/avr/lib1funcs.S:2331
 350:	09 94       	ijmp
